<?xml version="1.0" encoding="utf-8"?><testsuites name="pytest tests"><testsuite name="pytest" errors="0" failures="2" skipped="0" tests="16" time="31.742" timestamp="2026-09-16T17:25:36.532333+00:00" hostname="agent-env-60768c3a-9505-4d38-a793-47fd6f5861fb"><testcase classname="tests.test_catalog_etap1.TestCrudNewFields" name="test_create_material_full" time="1.026" /><testcase classname="tests.test_catalog_etap1.TestGetHasNewFields" name="test_materials_have_new_fields" time="1.145" /><testcase classname="tests.test_catalog_etap1.TestCrudNewFields" name="test_put_material_updates_price_updated_at" time="1.424" /><testcase classname="tests.test_catalog_etap1.TestGetHasNewFields" name="test_labor_have_new_fields" time="0.096" /><testcase classname="tests.test_catalog_etap1.TestGetHasNewFields" name="test_migration_all_active_by_default" time="0.195" /><testcase classname="tests.test_catalog_etap1.TestStatusPatch" name="test_patch_material_status_toggle" time="0.814" /><testcase classname="tests.test_catalog_etap1.TestStatusPatch" name="test_patch_labor_status_toggle" time="0.936" /><testcase classname="tests.test_catalog_etap1.TestCrudNewFields" name="test_create_labor_rate_min_max_includes" time="0.230" /><testcase classname="tests.test_catalog_etap1.TestVoiceRegression" name="test_voice_parse_catalog" time="6.053"><failure message="assert False&#10; +  where False = any(&lt;generator object TestVoiceRegression.test_voice_parse_catalog.&lt;locals&gt;.&lt;genexpr&gt; at 0xfa8dfdbe0ac0&gt;)">tests/test_catalog_etap1.py:338: in test_voice_parse_catalog
    assert any(a.get("action") == "set_price" for a in d["actions"])
E   assert False
E    +  where False = any(&lt;generator object TestVoiceRegression.test_voice_parse_catalog.&lt;locals&gt;.&lt;genexpr&gt; at 0xfa8dfdbe0ac0&gt;)</failure></testcase><testcase classname="tests.test_catalog_etap1.TestDeleteRemoved" name="test_delete_material_removed_from_list" time="0.435" /><testcase classname="tests.test_catalog_etap1.TestDeleteRemoved" name="test_delete_labor_removed_from_list" time="0.359" /><testcase classname="tests.test_catalog_etap1.TestEstimatePriceSnapshot" name="test_catalog_price_change_does_not_touch_estimate" time="3.414" /><testcase classname="tests.test_catalog_etap1.TestAIAnalyzeRegression" name="test_ai_analyze_polish_electrical" time="23.693" /><testcase classname="tests.test_catalog_etap1.TestVoiceRegression" name="test_voice_parse_estimate" time="8.324" /><testcase classname="tests.test_catalog_etap1.TestVoiceRegression" name="test_voice_apply_bump_prices" time="0.235"><failure message="AssertionError: expected 22.32, got 21.26&#10;assert 1.0630000000000024 &lt; 0.02&#10; +  where 1.0630000000000024 = abs((21.26 - (21.26 * 1.05)))&#10; +    where 21.26 = float(21.26)">tests/test_catalog_etap1.py:364: in test_voice_apply_bump_prices
    assert abs(float(after["rate"]) - old * 1.05) &lt; 0.02, \
E   AssertionError: expected 22.32, got 21.26
E   assert 1.0630000000000024 &lt; 0.02
E    +  where 1.0630000000000024 = abs((21.26 - (21.26 * 1.05)))
E    +    where 21.26 = float(21.26)</failure></testcase><testcase classname="tests.test_catalog_etap1.TestPDFRegression" name="test_pdf_ok" time="0.294" /></testsuite></testsuites>