<?xml version="1.0" encoding="utf-8"?><testsuites name="pytest tests"><testsuite name="pytest" errors="0" failures="0" skipped="0" tests="14" time="32.970" timestamp="2026-09-16T20:40:32.711239+00:00" hostname="agent-env-60768c3a-9505-4d38-a793-47fd6f5861fb"><testcase classname="tests.test_calc_mode_and_photos.TestPdfRespectsCalcMode" name="test_pdf_200_when_no_confirmation_needed" time="1.292" /><testcase classname="tests.test_calc_mode_and_photos.TestCreateAndPersistCalcMode" name="test_default_calc_mode_labor_materials" time="1.106" /><testcase classname="tests.test_calc_mode_and_photos.TestCreateAndPersistCalcMode" name="test_switch_to_labor_only" time="0.094" /><testcase classname="tests.test_calc_mode_and_photos.TestCreateAndPersistCalcMode" name="test_switch_to_labor_selected_materials" time="0.182" /><testcase classname="tests.test_calc_mode_and_photos.TestPdfRespectsCalcMode" name="test_pdf_excludes_material_in_labor_only" time="0.700" /><testcase classname="tests.test_calc_mode_and_photos.TestCreateAndPersistCalcMode" name="test_flip_included_in_calc_persists_and_recomputes" time="0.178" /><testcase classname="tests.test_calc_mode_and_photos.TestCreateAndPersistCalcMode" name="test_switch_back_to_labor_materials_no_items_lost" time="0.089" /><testcase classname="tests.test_calc_mode_and_photos.TestAiAnalyzeRegression" name="test_analyze_creates_estimate_no_invented_prices" time="25.480" /><testcase classname="tests.test_calc_mode_and_photos.TestPdfRespectsCalcMode" name="test_pdf_excludes_only_unincluded_in_selected" time="0.309" /><testcase classname="tests.test_calc_mode_and_photos.TestPdfRespectsCalcMode" name="test_pdf_409_when_requires_confirmation" time="0.353" /><testcase classname="tests.test_calc_mode_and_photos.TestImportRegression" name="test_csv_preview_and_apply" time="0.581" /><testcase classname="tests.test_calc_mode_and_photos.TestPriceSnapshotRegression" name="test_estimate_item_preserves_price_after_catalog_change" time="0.717" /><testcase classname="tests.test_calc_mode_and_photos.TestAiAnalyzeRegression" name="test_voice_parse_command_estimate_context" time="4.063" /><testcase classname="tests.test_calc_mode_and_photos.TestImagePathsPersistence" name="test_put_adds_and_removes_image_paths" time="1.388" /></testsuite></testsuites>