<?xml version="1.0" encoding="utf-8"?><testsuites name="pytest tests"><testsuite name="pytest" errors="0" failures="0" skipped="0" tests="27" time="28.606" timestamp="2026-09-14T16:22:26.119082+00:00" hostname="agent-env-60768c3a-9505-4d38-a793-47fd6f5861fb"><testcase classname="tests.backend_test.TestClients" name="test_create_client" time="0.711" /><testcase classname="tests.backend_test.TestAuth" name="test_login_or_register" time="0.397" /><testcase classname="tests.backend_test.TestAuth" name="test_me" time="0.225" /><testcase classname="tests.backend_test.TestAuth" name="test_profile_update" time="0.080" /><testcase classname="tests.backend_test.TestAuth" name="test_login_invalid" time="0.416" /><testcase classname="tests.backend_test.TestClients" name="test_get_client" time="0.081" /><testcase classname="tests.backend_test.TestClients" name="test_list_clients" time="0.091" /><testcase classname="tests.backend_test.TestClients" name="test_update_client" time="0.243" /><testcase classname="tests.backend_test.TestAuth" name="test_me_unauth" time="0.160" /><testcase classname="tests.backend_test.TestAIEstimatePDF" name="test_analyze_text_only" time="26.684" /><testcase classname="tests.backend_test.TestProjects" name="test_create_project" time="0.216" /><testcase classname="tests.backend_test.TestProjects" name="test_get_project" time="0.077" /><testcase classname="tests.backend_test.TestProjects" name="test_list_projects" time="0.075" /><testcase classname="tests.backend_test.TestProjects" name="test_update_project" time="0.078" /><testcase classname="tests.backend_test.TestMaterials" name="test_create_material" time="0.079" /><testcase classname="tests.backend_test.TestMaterials" name="test_update_material" time="0.077" /><testcase classname="tests.backend_test.TestMaterials" name="test_delete_material" time="0.144" /><testcase classname="tests.backend_test.TestLabor" name="test_create_labor" time="0.075" /><testcase classname="tests.backend_test.TestLabor" name="test_update_labor" time="0.076" /><testcase classname="tests.backend_test.TestLabor" name="test_delete_labor" time="0.074" /><testcase classname="tests.backend_test.TestCatalogSeed" name="test_materials_seeded" time="0.099" /><testcase classname="tests.backend_test.TestCatalogSeed" name="test_labor_seeded" time="0.086" /><testcase classname="tests.backend_test.TestZCleanup" name="test_delete_project" time="0.072" /><testcase classname="tests.backend_test.TestZCleanup" name="test_delete_client" time="0.072" /><testcase classname="tests.backend_test.TestAIEstimatePDF" name="test_get_estimate" time="0.074" /><testcase classname="tests.backend_test.TestAIEstimatePDF" name="test_update_items_and_totals" time="0.150" /><testcase classname="tests.backend_test.TestAIEstimatePDF" name="test_pdf_download" time="0.236" /></testsuite></testsuites>