<?xml version="1.0" encoding="utf-8"?><testsuites name="pytest tests"><testsuite name="pytest" errors="0" failures="0" skipped="0" tests="74" time="136.552" timestamp="2026-09-16T09:33:42.460198+00:00" hostname="agent-env-60768c3a-9505-4d38-a793-47fd6f5861fb"><testcase classname="tests.test_matching" name="test_identical_name_auto_match" time="0.001" /><testcase classname="tests.test_catalog_voice" name="test_match_wire_cross_section_precise" time="0.001" /><testcase classname="tests.test_matching" name="test_word_order_still_matches" time="0.000" /><testcase classname="tests.test_matching" name="test_typo_safe_match" time="0.000" /><testcase classname="tests.test_matching" name="test_cross_section_not_confused" time="0.000" /><testcase classname="tests.test_matching" name="test_diameter_not_confused" time="0.000" /><testcase classname="tests.test_matching" name="test_cores_count_matters" time="0.000" /><testcase classname="tests.test_matching" name="test_unit_mismatch_requires_confirmation" time="0.000" /><testcase classname="tests.test_matching" name="test_no_catalog_entry_no_match" time="0.000" /><testcase classname="tests.test_catalog_voice" name="test_match_wire_rejects_conflicting_cross_section" time="0.000" /><testcase classname="tests.test_matching" name="test_several_similar_returns_candidates" time="0.000" /><testcase classname="tests.test_catalog_voice" name="test_match_multi_core_5x6" time="0.000" /><testcase classname="tests.test_catalog_voice" name="test_match_unit_incompatible_blocks_auto" time="0.000" /><testcase classname="tests.test_catalog_voice" name="test_seed_prices_are_example" time="0.000" /><testcase classname="tests.test_catalog_voice" name="test_seed_keys_stable_and_unique" time="0.000" /><testcase classname="tests.test_catalog_voice" name="test_seed_covers_all_required_trades" time="0.000" /><testcase classname="tests.test_catalog_voice" name="test_seed_electrical_is_richest" time="0.000" /><testcase classname="tests.test_catalog_voice" name="test_user_price_priority_flag" time="0.000" /><testcase classname="tests.test_catalog_voice" name="test_voice_catalog_set_price_ok" time="0.000" /><testcase classname="tests.test_catalog_voice" name="test_voice_catalog_set_price_not_found" time="0.000" /><testcase classname="tests.test_catalog_voice" name="test_voice_catalog_bump_label" time="0.000" /><testcase classname="tests.test_catalog_voice" name="test_voice_catalog_add_item_label" time="0.000" /><testcase classname="tests.test_catalog_voice" name="test_voice_catalog_delete_resolves" time="0.000" /><testcase classname="tests.test_catalog_voice" name="test_voice_estimate_add_item" time="0.000" /><testcase classname="tests.test_catalog_voice" name="test_voice_estimate_set_price_matches_item" time="0.000" /><testcase classname="tests.test_catalog_voice" name="test_voice_estimate_delete_last" time="0.000" /><testcase classname="tests.test_matching" name="test_never_invents_price_only_catalog_values" time="0.000" /><testcase classname="tests.test_upload" name="test_sniff_jpeg" time="0.004" /><testcase classname="tests.test_catalog_voice" name="test_voice_estimate_not_found" time="0.000" /><testcase classname="tests.backend_test.TestAIAsync" name="test_analyze_returns_processing_immediately" time="0.927" /><testcase classname="tests.test_upload" name="test_sniff_png" time="0.000" /><testcase classname="tests.test_upload" name="test_sniff_webp" time="0.015" /><testcase classname="tests.test_upload" name="test_sniff_heic" time="0.013" /><testcase classname="tests.test_upload" name="test_sniff_unknown" time="0.000" /><testcase classname="tests.test_upload" name="test_normalize_jpeg_passthrough" time="0.000" /><testcase classname="tests.test_upload" name="test_normalize_png_passthrough" time="0.000" /><testcase classname="tests.test_upload" name="test_normalize_heic_converts_to_jpeg" time="0.010" /><testcase classname="tests.test_upload" name="test_normalize_mislabeled_heic_as_jpeg" time="0.008" /><testcase classname="tests.test_upload" name="test_normalize_garbage_raises" time="0.000" /><testcase classname="tests.test_catalog_voice_api.TestCatalogCRUD" name="test_create_material_sets_user_priority" time="0.828" /><testcase classname="tests.test_catalog_voice_api.TestCatalogCRUD" name="test_update_material_clears_example_flag" time="0.195" /><testcase classname="tests.backend_test.TestAIAsync" name="test_analyze_completes_with_items" time="39.486" /><testcase classname="tests.test_catalog_voice_api.TestCatalogCRUD" name="test_delete_material_soft" time="0.136" /><testcase classname="tests.test_catalog_voice_api.TestCatalogCRUD" name="test_labor_crud_roundtrip" time="0.252" /><testcase classname="tests.test_catalog_voice_api.TestVoiceParseCatalog" name="test_set_price_ydy" time="5.773" /><testcase classname="tests.test_catalog_voice_api.TestVoiceParseCatalog" name="test_bump_labor_elektryka" time="7.647" /><testcase classname="tests.test_catalog_voice_api.TestVoiceParseCatalog" name="test_add_item_gniazdo" time="6.964" /><testcase classname="tests.test_catalog_voice_api.TestVoiceParseCatalog" name="test_ai_does_not_invent_prices" time="8.189" /><testcase classname="tests.backend_test.TestAuth" name="test_login" time="0.400" /><testcase classname="tests.backend_test.TestAuth" name="test_me" time="0.086" /><testcase classname="tests.backend_test.TestAuth" name="test_bad_password" time="0.423" /><testcase classname="tests.backend_test.TestUpload" name="test_reject_text_plain" time="0.147" /><testcase classname="tests.backend_test.TestUpload" name="test_accept_jpeg_tiny" time="0.325" /><testcase classname="tests.backend_test.TestUpload" name="test_reject_oversize" time="0.934" /><testcase classname="tests.test_catalog_voice_api.TestCatalogShape" name="test_materials_new_fields_present" time="0.070" /><testcase classname="tests.test_catalog_voice_api.TestCatalogShape" name="test_labor_new_fields_present" time="0.063" /><testcase classname="tests.test_catalog_voice_api.TestCatalogShape" name="test_ydy_3x25_seeded_with_trade" time="0.068" /><testcase classname="tests.test_catalog_voice_api.TestVoiceApply" name="test_apply_set_price" time="0.265" /><testcase classname="tests.test_catalog_voice_api.TestVoiceApply" name="test_apply_bump_labor_elektryka" time="0.192" /><testcase classname="tests.test_catalog_voice_api.TestVoiceApply" name="test_apply_add_item_and_delete" time="0.263" /><testcase classname="tests.test_catalog_voice_api.TestRegression" name="test_login_returns_token" time="0.000" /><testcase classname="tests.test_catalog_voice_api.TestRegression" name="test_estimates_list_reachable" time="0.113" /><testcase classname="tests.test_catalog_voice_api.TestRegression" name="test_ai_analyze_reachable_async" time="0.314" /><testcase classname="tests.backend_test.TestSeed" name="test_materials" time="0.073" /><testcase classname="tests.backend_test.TestSeed" name="test_labor" time="0.069" /><testcase classname="tests.test_catalog_voice_api.TestVoiceParseEstimate" name="test_add_20_points" time="8.481" /><testcase classname="tests.backend_test.TestAIAsync" name="test_trade_explicit_elektryka" time="29.217" /><testcase classname="tests.test_catalog_voice_api.TestVoiceParseEstimate" name="test_delete_last" time="5.198" /><testcase classname="tests.backend_test.TestZCleanup" name="test_cleanup" time="0.001" /><testcase classname="tests.backend_test.TestAIAsync" name="test_trade_fallback_to_project" time="25.185" /><testcase classname="tests.backend_test.TestAIAsync" name="test_reanalyze" time="39.625" /><testcase classname="tests.backend_test.TestAIAsync" name="test_compute_totals" time="0.083" /><testcase classname="tests.backend_test.TestAIAsync" name="test_pdf_hides_internals" time="0.353" /><testcase classname="tests.backend_test.TestAIAsync" name="test_zz_second_user_cannot_read_estimate" time="1.190" /></testsuite></testsuites>